<?xml version="1.0" encoding="UTF-8"?>
<!-- Generated by org.testng.reporters.JUnitXMLReporter -->
<testsuite hostname="D-113064624" ignored="0" name="OpenCart Tests" tests="7" failures="0" timestamp="20 Feb 2018 04:50:38 GMT" time="18.606" errors="0">
  <testcase name="proceedForRegistrationTest" time="0.68" classname="com.wipro.atm.webdriver.tests.RegistrationAndAddToCart"/>
  <testcase name="setNewUserDetailsTest" time="3.036" classname="com.wipro.atm.webdriver.tests.RegistrationAndAddToCart"/>
  <testcase name="navigateToHomePageTest" time="0.649" classname="com.wipro.atm.webdriver.tests.RegistrationAndAddToCart"/>
  <testcase name="navigateToCommingSoonProductTest" time="1.506" classname="com.wipro.atm.webdriver.tests.RegistrationAndAddToCart"/>
  <testcase name="addProductToTheWishListTest" time="1.645" classname="com.wipro.atm.webdriver.tests.RegistrationAndAddToCart"/>
  <testcase name="addProductToTheCartTest" time="1.362" classname="com.wipro.atm.webdriver.tests.RegistrationAndAddToCart"/>
  <testcase name="removeProductFromWishListTest" time="1.249" classname="com.wipro.atm.webdriver.tests.RegistrationAndAddToCart"/>
</testsuite> <!-- OpenCart Tests -->
