<?xml version="1.0" encoding="UTF-8"?>
<!-- Generated by org.testng.reporters.JUnitXMLReporter -->
<testsuite hostname="KUMARSAURAV-PC" ignored="0" name="Practice Tests" tests="3" failures="0" timestamp="07 Feb 2018 14:20:47 GMT" time="103.153" errors="0">
  <testcase name="loginToOutlookTest" time="10.267" classname="com.wipro.atm.webdriver.tests.SendEmailAndVerify"/>
  <testcase name="composeANewEmailAndSendTest" time="42.09" classname="com.wipro.atm.webdriver.tests.SendEmailAndVerify"/>
  <testcase name="searchAndDeleteEmailTest" time="37.712" classname="com.wipro.atm.webdriver.tests.SendEmailAndVerify"/>
</testsuite> <!-- Practice Tests -->
