<?xml version="1.0" encoding="UTF-8"?>
<!-- Generated by org.testng.reporters.JUnitXMLReporter -->
<testsuite hostname="D-113064624" ignored="0" name="Practice Tests" tests="3" failures="0" timestamp="20 Feb 2018 05:49:52 GMT" time="102.324" errors="0">
  <testcase name="loginToOutlookTest" time="9.396" classname="com.wipro.atm.webdriver.tests.SendEmailAndVerify"/>
  <testcase name="composeANewEmailAndSendTest" time="44.401" classname="com.wipro.atm.webdriver.tests.SendEmailAndVerify"/>
  <testcase name="searchAndDeleteEmailTest" time="34.585" classname="com.wipro.atm.webdriver.tests.SendEmailAndVerify"/>
</testsuite> <!-- Practice Tests -->
