<?xml version="1.0" encoding="UTF-8"?>
<!-- Generated by org.testng.reporters.JUnitXMLReporter -->
<testsuite hostname="KUMARSAURAV-PC" ignored="0" name="Default test" tests="3" failures="0" timestamp="07 Feb 2018 14:16:12 GMT" time="108.415" errors="0">
  <testcase name="loginToOutlookTest" time="11.829" classname="com.wipro.atm.webdriver.tests.SendEmailAndVerify"/>
  <testcase name="composeANewEmailAndSendTest" time="43.137" classname="com.wipro.atm.webdriver.tests.SendEmailAndVerify"/>
  <testcase name="searchAndDeleteEmailTest" time="38.227" classname="com.wipro.atm.webdriver.tests.SendEmailAndVerify"/>
</testsuite> <!-- Default test -->
