<?xml version="1.0" encoding="UTF-8"?>
<!-- Generated by org.testng.reporters.JUnitXMLReporter -->
<testsuite hostname="D-113064624" ignored="0" name="Default test" tests="7" failures="0" timestamp="13 Feb 2018 08:45:52 GMT" time="28.013" errors="0">
  <testcase name="loginToOpenCartTest" time="1.517" classname="com.wipro.atm.webdriver.tests.OrderHistory"/>
  <testcase name="navigateToHomePageTest" time="0.532" classname="com.wipro.atm.webdriver.tests.OrderHistory"/>
  <testcase name="selectFirstFeatureProductAndVerifyTheSameInPDPTest" time="4.41" classname="com.wipro.atm.webdriver.tests.OrderHistory"/>
  <testcase name="addProductUpdateQtyAndVerifyQtyInCartTest" time="1.739" classname="com.wipro.atm.webdriver.tests.OrderHistory"/>
  <testcase name="proceedForCheckoutTest" time="7.41" classname="com.wipro.atm.webdriver.tests.OrderHistory"/>
  <testcase name="confirmOrderAndVerifyTest" time="0.529" classname="com.wipro.atm.webdriver.tests.OrderHistory"/>
  <testcase name="verifyOrderInOrderHistoryTest" time="1.046" classname="com.wipro.atm.webdriver.tests.OrderHistory"/>
</testsuite> <!-- Default test -->
