<?xml version="1.0" encoding="UTF-8"?>
<!-- Generated by org.testng.reporters.JUnitXMLReporter -->
<testsuite hostname="D-113064624" ignored="0" name="Practice Tests" tests="3" failures="0" timestamp="08 Feb 2018 05:11:01 GMT" time="109.225" errors="0">
  <testcase name="loginToOutlookTest" time="16.002" classname="com.wipro.atm.webdriver.tests.SendEmailAndVerify"/>
  <testcase name="composeANewEmailAndSendTest" time="42.452" classname="com.wipro.atm.webdriver.tests.SendEmailAndVerify"/>
  <testcase name="searchAndDeleteEmailTest" time="38.159" classname="com.wipro.atm.webdriver.tests.SendEmailAndVerify"/>
</testsuite> <!-- Practice Tests -->
