<?xml version="1.0" encoding="UTF-8"?>
<testng-results skipped="0" failed="0" ignored="0" total="3" passed="3">
  <reporter-output>
  </reporter-output>
  <suite name="My Test Suite" duration-ms="109225" started-at="2018-02-08T05:09:11Z" finished-at="2018-02-08T05:11:01Z">
    <groups>
    </groups>
    <test name="Practice Tests" duration-ms="109225" started-at="2018-02-08T05:09:11Z" finished-at="2018-02-08T05:11:01Z">
      <class name="com.wipro.atm.webdriver.tests.SendEmailAndVerify">
        <test-method status="PASS" signature="initializeExtentReport()[pri:0, instance:com.wipro.atm.webdriver.tests.SendEmailAndVerify@4afcd809]" name="initializeExtentReport" is-config="true" duration-ms="1361" started-at="2018-02-08T10:39:10Z" finished-at="2018-02-08T10:39:11Z">
          <reporter-output>
          </reporter-output>
        </test-method> <!-- initializeExtentReport -->
        <test-method status="PASS" signature="startBrowserTest()[pri:0, instance:com.wipro.atm.webdriver.tests.SendEmailAndVerify@4afcd809]" name="startBrowserTest" is-config="true" duration-ms="2810" started-at="2018-02-08T10:39:11Z" description="Start browser" finished-at="2018-02-08T10:39:14Z">
          <reporter-output>
          </reporter-output>
        </test-method> <!-- startBrowserTest -->
        <test-method status="PASS" signature="loginToOutlookTest()[pri:0, instance:com.wipro.atm.webdriver.tests.SendEmailAndVerify@4afcd809]" name="loginToOutlookTest" duration-ms="16002" started-at="2018-02-08T10:39:14Z" description="Login to outlook application" finished-at="2018-02-08T10:39:30Z">
          <reporter-output>
          </reporter-output>
        </test-method> <!-- loginToOutlookTest -->
        <test-method status="PASS" signature="getResult(org.testng.ITestResult)[pri:0, instance:com.wipro.atm.webdriver.tests.SendEmailAndVerify@4afcd809]" name="getResult" is-config="true" duration-ms="5" started-at="2018-02-08T10:39:32Z" finished-at="2018-02-08T10:39:32Z">
          <params>
            <param index="0">
              <value>
                <![CDATA[[TestResult name=loginToOutlookTest status=SUCCESS method=SendEmailAndVerify.loginToOutlookTest()[pri:0, instance:com.wipro.atm.webdriver.tests.SendEmailAndVerify@4afcd809] output={null}]]]>
              </value>
            </param>
          </params>
          <reporter-output>
          </reporter-output>
        </test-method> <!-- getResult -->
        <test-method status="PASS" signature="composeANewEmailAndSendTest()[pri:0, instance:com.wipro.atm.webdriver.tests.SendEmailAndVerify@4afcd809]" name="composeANewEmailAndSendTest" duration-ms="42452" started-at="2018-02-08T10:39:32Z" description="Compose a new email" depends-on-methods="com.wipro.atm.webdriver.tests.SendEmailAndVerify.loginToOutlookTest" finished-at="2018-02-08T10:40:14Z">
          <reporter-output>
          </reporter-output>
        </test-method> <!-- composeANewEmailAndSendTest -->
        <test-method status="PASS" signature="getResult(org.testng.ITestResult)[pri:0, instance:com.wipro.atm.webdriver.tests.SendEmailAndVerify@4afcd809]" name="getResult" is-config="true" duration-ms="0" started-at="2018-02-08T10:40:15Z" finished-at="2018-02-08T10:40:15Z">
          <params>
            <param index="0">
              <value>
                <![CDATA[[TestResult name=composeANewEmailAndSendTest status=SUCCESS method=SendEmailAndVerify.composeANewEmailAndSendTest()[pri:0, instance:com.wipro.atm.webdriver.tests.SendEmailAndVerify@4afcd809] output={null}]]]>
              </value>
            </param>
          </params>
          <reporter-output>
          </reporter-output>
        </test-method> <!-- getResult -->
        <test-method status="PASS" signature="searchAndDeleteEmailTest()[pri:0, instance:com.wipro.atm.webdriver.tests.SendEmailAndVerify@4afcd809]" name="searchAndDeleteEmailTest" duration-ms="38159" started-at="2018-02-08T10:40:15Z" description="search email and delete the same" depends-on-methods="com.wipro.atm.webdriver.tests.SendEmailAndVerify.composeANewEmailAndSendTest" finished-at="2018-02-08T10:40:53Z">
          <reporter-output>
          </reporter-output>
        </test-method> <!-- searchAndDeleteEmailTest -->
        <test-method status="PASS" signature="stopBrowserTest()[pri:0, instance:com.wipro.atm.webdriver.tests.SendEmailAndVerify@4afcd809]" name="stopBrowserTest" is-config="true" duration-ms="7423" started-at="2018-02-08T10:40:53Z" description="Logout" finished-at="2018-02-08T10:41:01Z">
          <reporter-output>
          </reporter-output>
        </test-method> <!-- stopBrowserTest -->
        <test-method status="PASS" signature="getResult(org.testng.ITestResult)[pri:0, instance:com.wipro.atm.webdriver.tests.SendEmailAndVerify@4afcd809]" name="getResult" is-config="true" duration-ms="0" started-at="2018-02-08T10:40:53Z" finished-at="2018-02-08T10:40:53Z">
          <params>
            <param index="0">
              <value>
                <![CDATA[[TestResult name=searchAndDeleteEmailTest status=SUCCESS method=SendEmailAndVerify.searchAndDeleteEmailTest()[pri:0, instance:com.wipro.atm.webdriver.tests.SendEmailAndVerify@4afcd809] output={null}]]]>
              </value>
            </param>
          </params>
          <reporter-output>
          </reporter-output>
        </test-method> <!-- getResult -->
        <test-method status="PASS" signature="deinitializeExtentReport()[pri:0, instance:com.wipro.atm.webdriver.tests.SendEmailAndVerify@4afcd809]" name="deinitializeExtentReport" is-config="true" duration-ms="485" started-at="2018-02-08T10:41:01Z" finished-at="2018-02-08T10:41:01Z">
          <reporter-output>
          </reporter-output>
        </test-method> <!-- deinitializeExtentReport -->
      </class> <!-- com.wipro.atm.webdriver.tests.SendEmailAndVerify -->
    </test> <!-- Practice Tests -->
  </suite> <!-- My Test Suite -->
</testng-results>
